<?xml version="1.0" encoding="UTF-8"?>
<testng-results skipped="0" failed="0" total="1" passed="1">
  <reporter-output>
  </reporter-output>
  <suite name="Suite" duration-ms="12735" started-at="2016-08-27T06:34:09Z" finished-at="2016-08-27T06:34:22Z">
    <groups>
    </groups>
    <test name="Test" duration-ms="12735" started-at="2016-08-27T06:34:09Z" finished-at="2016-08-27T06:34:22Z">
      <class name="com.orangeHRM.orangeHRM.TestExecution">
        <test-method status="PASS" signature="launchApp()[pri:0, instance:com.orangeHRM.orangeHRM.TestExecution@35fb3008]" name="launchApp" is-config="true" duration-ms="8661" started-at="2016-08-27T12:04:09Z" finished-at="2016-08-27T12:04:18Z">
          <reporter-output>
          </reporter-output>
        </test-method> <!-- launchApp -->
        <test-method status="PASS" signature="verifyLoginAsAdmin()[pri:0, instance:com.orangeHRM.orangeHRM.TestExecution@35fb3008]" name="verifyLoginAsAdmin" duration-ms="4072" started-at="2016-08-27T12:04:18Z" finished-at="2016-08-27T12:04:22Z">
          <reporter-output>
          </reporter-output>
        </test-method> <!-- verifyLoginAsAdmin -->
      </class> <!-- com.orangeHRM.orangeHRM.TestExecution -->
    </test> <!-- Test -->
  </suite> <!-- Suite -->
</testng-results>
